<?xml version="1.0" encoding="UTF-8"?>
<testsuite name="Redis 분산 락 테스트" tests="2" skipped="0" failures="1" errors="0" timestamp="2024-07-26T17:12:33" hostname="DESKTOP-OF7GC20" time="55.565">
  <properties/>
  <testcase name="분산_락_테스트()" classname="org.example.coupon.DistributedLockTest" time="38.226"/>
  <testcase name="일반_테스트()" classname="org.example.coupon.DistributedLockTest" time="17.337">
    <failure message="org.opentest4j.AssertionFailedError: expected: &lt;0&gt; but was: &lt;56&gt;" type="org.opentest4j.AssertionFailedError">org.opentest4j.AssertionFailedError: expected: &lt;0&gt; but was: &lt;56&gt;
	at app//org.junit.jupiter.api.AssertionFailureBuilder.build(AssertionFailureBuilder.java:151)
	at app//org.junit.jupiter.api.AssertionFailureBuilder.buildAndThrow(AssertionFailureBuilder.java:132)
	at app//org.junit.jupiter.api.AssertEquals.failNotEqual(AssertEquals.java:197)
	at app//org.junit.jupiter.api.AssertEquals.assertEquals(AssertEquals.java:166)
	at app//org.junit.jupiter.api.AssertEquals.assertEquals(AssertEquals.java:161)
	at app//org.junit.jupiter.api.Assertions.assertEquals(Assertions.java:632)
	at app//org.example.coupon.DistributedLockTest.일반_테스트(DistributedLockTest.java:76)
	at java.base@17.0.8.1/java.lang.reflect.Method.invoke(Method.java:568)
	at java.base@17.0.8.1/java.util.ArrayList.forEach(ArrayList.java:1511)
	at java.base@17.0.8.1/java.util.ArrayList.forEach(ArrayList.java:1511)
</failure>
  </testcase>
  <system-out><![CDATA[02:12:24.872 [Test worker] INFO org.springframework.test.context.support.AnnotationConfigContextLoaderUtils -- Could not detect default configuration classes for test class [org.example.coupon.DistributedLockTest]: DistributedLockTest does not declare any static, non-private, non-final, nested classes annotated with @Configuration.
02:12:25.006 [Test worker] INFO org.springframework.boot.test.context.SpringBootTestContextBootstrapper -- Found @SpringBootConfiguration org.example.coupon.CouponApplication for test class org.example.coupon.DistributedLockTest
  .   ____          _            __ _ _
 /\\ / ___'_ __ _ _(_)_ __  __ _ \ \ \ \
( ( )\___ | '_ | '_| | '_ \/ _` | \ \ \ \
 \\/  ___)| |_)| | | | | || (_| |  ) ) ) )
  '  |____| .__|_| |_|_| |_\__, | / / / /
 =========|_|==============|___/=/_/_/_/

 :: Spring Boot ::                (v3.3.0)

2024-07-27T02:12:25.570+09:00  INFO 34016 --- [coupon-service] [    Test worker] org.example.coupon.DistributedLockTest   : Starting DistributedLockTest using Java 17.0.8.1 with PID 34016 (started by Home in C:\Users\Home\Downloads\레디스 동시성 제어)
2024-07-27T02:12:25.572+09:00  INFO 34016 --- [coupon-service] [    Test worker] org.example.coupon.DistributedLockTest   : No active profile set, falling back to 1 default profile: "default"
2024-07-27T02:12:26.682+09:00  INFO 34016 --- [coupon-service] [    Test worker] .s.d.r.c.RepositoryConfigurationDelegate : Multiple Spring Data modules found, entering strict repository configuration mode
2024-07-27T02:12:26.685+09:00  INFO 34016 --- [coupon-service] [    Test worker] .s.d.r.c.RepositoryConfigurationDelegate : Bootstrapping Spring Data JPA repositories in DEFAULT mode.
2024-07-27T02:12:26.986+09:00  INFO 34016 --- [coupon-service] [    Test worker] .s.d.r.c.RepositoryConfigurationDelegate : Finished Spring Data repository scanning in 292 ms. Found 1 JPA repository interface.
2024-07-27T02:12:27.004+09:00  INFO 34016 --- [coupon-service] [    Test worker] .s.d.r.c.RepositoryConfigurationDelegate : Multiple Spring Data modules found, entering strict repository configuration mode
2024-07-27T02:12:27.006+09:00  INFO 34016 --- [coupon-service] [    Test worker] .s.d.r.c.RepositoryConfigurationDelegate : Bootstrapping Spring Data Redis repositories in DEFAULT mode.
2024-07-27T02:12:27.025+09:00  INFO 34016 --- [coupon-service] [    Test worker] .RepositoryConfigurationExtensionSupport : Spring Data Redis - Could not safely identify store assignment for repository candidate interface org.example.coupon.coupon.CouponRepository; If you want this repository to be a Redis repository, consider annotating your entities with one of these annotations: org.springframework.data.redis.core.RedisHash (preferred), or consider extending one of the following types with your repository: org.springframework.data.keyvalue.repository.KeyValueRepository
2024-07-27T02:12:27.025+09:00  INFO 34016 --- [coupon-service] [    Test worker] .s.d.r.c.RepositoryConfigurationDelegate : Finished Spring Data repository scanning in 6 ms. Found 0 Redis repository interfaces.
2024-07-27T02:12:27.814+09:00  INFO 34016 --- [coupon-service] [    Test worker] o.hibernate.jpa.internal.util.LogHelper  : HHH000204: Processing PersistenceUnitInfo [name: default]
2024-07-27T02:12:27.908+09:00  INFO 34016 --- [coupon-service] [    Test worker] org.hibernate.Version                    : HHH000412: Hibernate ORM core version 6.5.2.Final
2024-07-27T02:12:27.959+09:00  INFO 34016 --- [coupon-service] [    Test worker] o.h.c.internal.RegionFactoryInitiator    : HHH000026: Second-level cache disabled
2024-07-27T02:12:28.410+09:00  INFO 34016 --- [coupon-service] [    Test worker] o.s.o.j.p.SpringPersistenceUnitInfo      : No LoadTimeWeaver setup: ignoring JPA class transformer
2024-07-27T02:12:28.447+09:00  INFO 34016 --- [coupon-service] [    Test worker] com.zaxxer.hikari.HikariDataSource       : HikariPool-1 - Starting...
2024-07-27T02:12:28.697+09:00  INFO 34016 --- [coupon-service] [    Test worker] com.zaxxer.hikari.pool.HikariPool        : HikariPool-1 - Added connection com.mysql.cj.jdbc.ConnectionImpl@2911db81
2024-07-27T02:12:28.700+09:00  INFO 34016 --- [coupon-service] [    Test worker] com.zaxxer.hikari.HikariDataSource       : HikariPool-1 - Start completed.
2024-07-27T02:12:29.823+09:00  INFO 34016 --- [coupon-service] [    Test worker] o.h.e.t.j.p.i.JtaPlatformInitiator       : HHH000489: No JTA platform available (set 'hibernate.transaction.jta.platform' to enable JTA platform integration)
2024-07-27T02:12:29.883+09:00  INFO 34016 --- [coupon-service] [    Test worker] j.LocalContainerEntityManagerFactoryBean : Initialized JPA EntityManagerFactory for persistence unit 'default'
2024-07-27T02:12:30.092+09:00  INFO 34016 --- [coupon-service] [    Test worker] org.redisson.Version                     : Redisson 3.33.0
2024-07-27T02:12:30.672+09:00  INFO 34016 --- [coupon-service] [isson-netty-1-6] o.redisson.connection.ConnectionsHolder  : 1 connections initialized for localhost/127.0.0.1:6379
2024-07-27T02:12:30.766+09:00  INFO 34016 --- [coupon-service] [sson-netty-1-20] o.redisson.connection.ConnectionsHolder  : 24 connections initialized for localhost/127.0.0.1:6379
2024-07-27T02:12:31.635+09:00  WARN 34016 --- [coupon-service] [    Test worker] JpaBaseConfiguration$JpaWebConfiguration : spring.jpa.open-in-view is enabled by default. Therefore, database queries may be performed during view rendering. Explicitly configure spring.jpa.open-in-view to disable this warning
2024-07-27T02:12:32.978+09:00  INFO 34016 --- [coupon-service] [    Test worker] o.s.b.a.e.web.EndpointLinksResolver      : Exposing 1 endpoint beneath base path '/actuator'
2024-07-27T02:12:33.060+09:00  INFO 34016 --- [coupon-service] [    Test worker] org.example.coupon.DistributedLockTest   : Started DistributedLockTest in 7.847 seconds (process running for 9.41)
]]></system-out>
  <system-err><![CDATA[]]></system-err>
</testsuite>
